2021-11-04 13:41:56.815  INFO 1415 --- [main] SpringBootCoreDataJpaMvcRest1Application : Starting TimesheetSpringBootCoreDataJpaMvcRest1Application on MacBooks-MacBook-Pro.local with PID 1415 (/Users/macbookprohouda/Documents/workspace-sts-3.9.12.RELEASEhouda/TimesheetProject/target/classes started by macbookprohouda in /Users/macbookprohouda/Documents/workspace-sts-3.9.12.RELEASEhouda/TimesheetProject)
2021-11-04 13:41:56.820  INFO 1415 --- [main] SpringBootCoreDataJpaMvcRest1Application : The following profiles are active: pom.xml
2021-11-04 13:41:57.453  INFO 1415 --- [main] .s.d.r.c.RepositoryConfigurationDelegate : Bootstrapping Spring Data repositories in DEFAULT mode.
2021-11-04 13:41:57.537  INFO 1415 --- [main] .s.d.r.c.RepositoryConfigurationDelegate : Finished Spring Data repository scanning in 76ms. Found 6 repository interfaces.
2021-11-04 13:41:57.814  INFO 1415 --- [main] trationDelegate$BeanPostProcessorChecker : Bean 'org.springframework.transaction.annotation.ProxyTransactionManagementConfiguration' of type [org.springframework.transaction.annotation.ProxyTransactionManagementConfiguration$$EnhancerBySpringCGLIB$$287e81e6] is not eligible for getting processed by all BeanPostProcessors (for example: not eligible for auto-proxying)
2021-11-04 13:41:58.163  INFO 1415 --- [main] o.s.b.w.embedded.tomcat.TomcatWebServer  : Tomcat initialized with port(s): 8089 (http)
2021-11-04 13:41:58.187  INFO 1415 --- [main] o.apache.catalina.core.StandardService   : Starting service [Tomcat]
2021-11-04 13:41:58.187  INFO 1415 --- [main] org.apache.catalina.core.StandardEngine  : Starting Servlet engine: [Apache Tomcat/9.0.17]
2021-11-04 13:41:58.297  INFO 1415 --- [main] o.a.c.c.C.[.[localhost].[/SpringMVC]     : Initializing Spring embedded WebApplicationContext
2021-11-04 13:41:58.298  INFO 1415 --- [main] o.s.web.context.ContextLoader            : Root WebApplicationContext: initialization completed in 1441 ms
2021-11-04 13:41:58.441  INFO 1415 --- [main] com.zaxxer.hikari.HikariDataSource       : HikariPool-1 - Starting...
2021-11-04 13:41:58.555  INFO 1415 --- [main] com.zaxxer.hikari.HikariDataSource       : HikariPool-1 - Start completed.
2021-11-04 13:41:58.607  INFO 1415 --- [main] o.hibernate.jpa.internal.util.LogHelper  : HHH000204: Processing PersistenceUnitInfo [
	name: default
	...]
2021-11-04 13:41:58.680  INFO 1415 --- [main] org.hibernate.Version                    : HHH000412: Hibernate Core {5.3.9.Final}
2021-11-04 13:41:58.682  INFO 1415 --- [main] org.hibernate.cfg.Environment            : HHH000206: hibernate.properties not found
2021-11-04 13:41:58.844  INFO 1415 --- [main] o.hibernate.annotations.common.Version   : HCANN000001: Hibernate Commons Annotations {5.0.4.Final}
2021-11-04 13:41:58.987  INFO 1415 --- [main] org.hibernate.dialect.Dialect            : HHH000400: Using dialect: org.hibernate.dialect.MySQL5Dialect
2021-11-04 13:41:59.865  INFO 1415 --- [main] j.LocalContainerEntityManagerFactoryBean : Initialized JPA EntityManagerFactory for persistence unit 'default'
2021-11-04 13:42:00.124  INFO 1415 --- [main] o.h.h.i.QueryTranslatorFactoryInitiator  : HHH000397: Using ASTQueryTranslatorFactory
2021-11-04 13:42:00.511  INFO 1415 --- [main] o.s.s.concurrent.ThreadPoolTaskExecutor  : Initializing ExecutorService 'applicationTaskExecutor'
2021-11-04 13:42:00.547  WARN 1415 --- [main] aWebConfiguration$JpaWebMvcConfiguration : spring.jpa.open-in-view is enabled by default. Therefore, database queries may be performed during view rendering. Explicitly configure spring.jpa.open-in-view to disable this warning
2021-11-04 13:42:00.717  INFO 1415 --- [main] o.s.b.w.embedded.tomcat.TomcatWebServer  : Tomcat started on port(s): 8089 (http) with context path '/SpringMVC'
2021-11-04 13:42:00.719  INFO 1415 --- [main] SpringBootCoreDataJpaMvcRest1Application : Started TimesheetSpringBootCoreDataJpaMvcRest1Application in 4.217 seconds (JVM running for 4.874)
2021-11-04 13:42:14.504  INFO 1450 --- [main] tn.esprit.spring.EmployeTest             : Starting EmployeTest on MacBooks-MacBook-Pro.local with PID 1450 (started by macbookprohouda in /Users/macbookprohouda/Documents/workspace-sts-3.9.12.RELEASEhouda/TimesheetProject)
2021-11-04 13:42:14.505  INFO 1450 --- [main] tn.esprit.spring.EmployeTest             : No active profile set, falling back to default profiles: default
2021-11-04 13:42:15.169  INFO 1450 --- [main] .s.d.r.c.RepositoryConfigurationDelegate : Bootstrapping Spring Data repositories in DEFAULT mode.
2021-11-04 13:42:15.247  INFO 1450 --- [main] .s.d.r.c.RepositoryConfigurationDelegate : Finished Spring Data repository scanning in 69ms. Found 6 repository interfaces.
2021-11-04 13:42:15.599  INFO 1450 --- [main] trationDelegate$BeanPostProcessorChecker : Bean 'org.springframework.transaction.annotation.ProxyTransactionManagementConfiguration' of type [org.springframework.transaction.annotation.ProxyTransactionManagementConfiguration$$EnhancerBySpringCGLIB$$6c4b6622] is not eligible for getting processed by all BeanPostProcessors (for example: not eligible for auto-proxying)
2021-11-04 13:42:15.797  INFO 1450 --- [main] com.zaxxer.hikari.HikariDataSource       : HikariPool-1 - Starting...
2021-11-04 13:42:15.957  INFO 1450 --- [main] com.zaxxer.hikari.HikariDataSource       : HikariPool-1 - Start completed.
2021-11-04 13:42:16.030  INFO 1450 --- [main] o.hibernate.jpa.internal.util.LogHelper  : HHH000204: Processing PersistenceUnitInfo [
	name: default
	...]
2021-11-04 13:42:16.106  INFO 1450 --- [main] org.hibernate.Version                    : HHH000412: Hibernate Core {5.3.9.Final}
2021-11-04 13:42:16.107  INFO 1450 --- [main] org.hibernate.cfg.Environment            : HHH000206: hibernate.properties not found
2021-11-04 13:42:16.279  INFO 1450 --- [main] o.hibernate.annotations.common.Version   : HCANN000001: Hibernate Commons Annotations {5.0.4.Final}
2021-11-04 13:42:16.408  INFO 1450 --- [main] org.hibernate.dialect.Dialect            : HHH000400: Using dialect: org.hibernate.dialect.MySQL5Dialect
2021-11-04 13:42:17.289  INFO 1450 --- [main] j.LocalContainerEntityManagerFactoryBean : Initialized JPA EntityManagerFactory for persistence unit 'default'
2021-11-04 13:42:17.575  INFO 1450 --- [main] o.h.h.i.QueryTranslatorFactoryInitiator  : HHH000397: Using ASTQueryTranslatorFactory
2021-11-04 13:42:18.362  INFO 1450 --- [main] o.s.s.concurrent.ThreadPoolTaskExecutor  : Initializing ExecutorService 'applicationTaskExecutor'
2021-11-04 13:42:18.407  WARN 1450 --- [main] aWebConfiguration$JpaWebMvcConfiguration : spring.jpa.open-in-view is enabled by default. Therefore, database queries may be performed during view rendering. Explicitly configure spring.jpa.open-in-view to disable this warning
2021-11-04 13:42:18.683  INFO 1450 --- [main] tn.esprit.spring.EmployeTest             : Started EmployeTest in 4.467 seconds (JVM running for 5.296)
2021-11-04 13:42:18.911  INFO 1450 --- [main] tn.esprit.spring.EmployeTest             : le contrat ajoute avec succes
2021-11-04 13:42:19.000  INFO 1450 --- [main] tn.esprit.spring.EmployeTest             : L'employé est supprimé
2021-11-04 13:42:19.030  INFO 1450 --- [main] tn.esprit.spring.EmployeTest             : le contrat d'id41est bien affecté à l'employé d'id: 72
2021-11-04 13:42:19.054  INFO 1450 --- [main] tn.esprit.spring.EmployeTest             : l'employé qui a l'id : 73 est désaffecté du département qui a l'id : 17
2021-11-04 13:42:19.088  INFO 1450 --- [main] tn.esprit.spring.EmployeTest             : tous les contrats sont supprimés
2021-11-04 13:42:19.106  INFO 1450 --- [main] tn.esprit.spring.EmployeTest             : l'employé qui a l'id: 74 est affecté au département avec l'id : 18
2021-11-04 13:42:19.157  INFO 1450 --- [main] tn.esprit.spring.EmployeTest             : l'employé d'id: 75 a un salaire de 1000.0
2021-11-04 13:42:19.162  INFO 1450 --- [main] tn.esprit.spring.EmployeTest             : ajoute avec succes
2021-11-04 13:42:19.180  INFO 1450 --- [main] tn.esprit.spring.EmployeTest             : Le contrat est supprimé
2021-11-04 13:42:19.189  INFO 1450 --- [main] tn.esprit.spring.EmployeTest             : le nombre des employés est : 67
2021-11-04 13:42:19.196  INFO 1450 --- [Thread-1] o.s.s.concurrent.ThreadPoolTaskExecutor  : Shutting down ExecutorService 'applicationTaskExecutor'
2021-11-04 13:42:19.197  INFO 1450 --- [Thread-1] j.LocalContainerEntityManagerFactoryBean : Closing JPA EntityManagerFactory for persistence unit 'default'
2021-11-04 13:42:19.200  INFO 1450 --- [Thread-1] com.zaxxer.hikari.HikariDataSource       : HikariPool-1 - Shutdown initiated...
2021-11-04 13:42:19.203  INFO 1450 --- [Thread-1] com.zaxxer.hikari.HikariDataSource       : HikariPool-1 - Shutdown completed.
