2021-11-14 01:06:43.149  INFO 5804 --- [main] tn.esprit.spring.test.DepartementTest    : Starting DepartementTest on DESKTOP-F1HAMQD with PID 5804 (started by TH3OMAR in C:\Users\TH3OMAR\Desktop\TimesheetProject)
2021-11-14 01:06:43.158  INFO 5804 --- [main] tn.esprit.spring.test.DepartementTest    : No active profile set, falling back to default profiles: default
2021-11-14 01:06:44.479  INFO 5804 --- [main] .s.d.r.c.RepositoryConfigurationDelegate : Bootstrapping Spring Data repositories in DEFAULT mode.
2021-11-14 01:06:44.749  INFO 5804 --- [main] .s.d.r.c.RepositoryConfigurationDelegate : Finished Spring Data repository scanning in 249ms. Found 6 repository interfaces.
2021-11-14 01:06:46.440  INFO 5804 --- [main] trationDelegate$BeanPostProcessorChecker : Bean 'org.springframework.transaction.annotation.ProxyTransactionManagementConfiguration' of type [org.springframework.transaction.annotation.ProxyTransactionManagementConfiguration$$EnhancerBySpringCGLIB$$2828e370] is not eligible for getting processed by all BeanPostProcessors (for example: not eligible for auto-proxying)
2021-11-14 01:06:46.774  INFO 5804 --- [main] com.zaxxer.hikari.HikariDataSource       : HikariPool-1 - Starting...
2021-11-14 01:06:47.036  INFO 5804 --- [main] com.zaxxer.hikari.HikariDataSource       : HikariPool-1 - Start completed.
2021-11-14 01:06:47.141  INFO 5804 --- [main] o.hibernate.jpa.internal.util.LogHelper  : HHH000204: Processing PersistenceUnitInfo [
	name: default
	...]
2021-11-14 01:06:47.282  INFO 5804 --- [main] org.hibernate.Version                    : HHH000412: Hibernate Core {5.3.9.Final}
2021-11-14 01:06:47.284  INFO 5804 --- [main] org.hibernate.cfg.Environment            : HHH000206: hibernate.properties not found
2021-11-14 01:06:47.474  INFO 5804 --- [main] o.hibernate.annotations.common.Version   : HCANN000001: Hibernate Commons Annotations {5.0.1.Final}
2021-11-14 01:06:48.070  INFO 5804 --- [main] org.hibernate.dialect.Dialect            : HHH000400: Using dialect: org.hibernate.dialect.MySQL5Dialect
2021-11-14 01:06:50.000  INFO 5804 --- [main] j.LocalContainerEntityManagerFactoryBean : Initialized JPA EntityManagerFactory for persistence unit 'default'
2021-11-14 01:06:50.612  INFO 5804 --- [main] o.h.h.i.QueryTranslatorFactoryInitiator  : HHH000397: Using ASTQueryTranslatorFactory
2021-11-14 01:06:52.295  INFO 5804 --- [main] o.s.s.concurrent.ThreadPoolTaskExecutor  : Initializing ExecutorService 'applicationTaskExecutor'
2021-11-14 01:06:52.598  WARN 5804 --- [main] aWebConfiguration$JpaWebMvcConfiguration : spring.jpa.open-in-view is enabled by default. Therefore, database queries may be performed during view rendering. Explicitly configure spring.jpa.open-in-view to disable this warning
2021-11-14 01:06:53.105  INFO 5804 --- [main] tn.esprit.spring.test.DepartementTest    : Started DepartementTest in 10.509 seconds (JVM running for 11.982)
2021-11-14 01:06:53.415  INFO 5804 --- [main] tn.esprit.spring.test.DepartementTest    : your departement added avec succes
2021-11-14 01:06:53.562  INFO 5804 --- [Thread-2] o.s.s.concurrent.ThreadPoolTaskExecutor  : Shutting down ExecutorService 'applicationTaskExecutor'
2021-11-14 01:06:53.565  INFO 5804 --- [Thread-2] j.LocalContainerEntityManagerFactoryBean : Closing JPA EntityManagerFactory for persistence unit 'default'
2021-11-14 01:06:53.570  INFO 5804 --- [Thread-2] com.zaxxer.hikari.HikariDataSource       : HikariPool-1 - Shutdown initiated...
2021-11-14 01:06:53.591  INFO 5804 --- [Thread-2] com.zaxxer.hikari.HikariDataSource       : HikariPool-1 - Shutdown completed.
2021-11-14 01:07:09.247  INFO 24404 --- [main] SpringBootCoreDataJpaMvcRest1Application : Starting TimesheetSpringBootCoreDataJpaMvcRest1Application on DESKTOP-F1HAMQD with PID 24404 (C:\Users\TH3OMAR\Desktop\TimesheetProject\target\classes started by TH3OMAR in C:\Users\TH3OMAR\Desktop\TimesheetProject)
2021-11-14 01:07:09.252  INFO 24404 --- [main] SpringBootCoreDataJpaMvcRest1Application : No active profile set, falling back to default profiles: default
2021-11-14 01:07:10.389  INFO 24404 --- [main] .s.d.r.c.RepositoryConfigurationDelegate : Bootstrapping Spring Data repositories in DEFAULT mode.
2021-11-14 01:07:10.532  INFO 24404 --- [main] .s.d.r.c.RepositoryConfigurationDelegate : Finished Spring Data repository scanning in 127ms. Found 6 repository interfaces.
2021-11-14 01:07:11.256  INFO 24404 --- [main] trationDelegate$BeanPostProcessorChecker : Bean 'org.springframework.transaction.annotation.ProxyTransactionManagementConfiguration' of type [org.springframework.transaction.annotation.ProxyTransactionManagementConfiguration$$EnhancerBySpringCGLIB$$bf474b30] is not eligible for getting processed by all BeanPostProcessors (for example: not eligible for auto-proxying)
2021-11-14 01:07:11.729  INFO 24404 --- [main] o.s.b.w.embedded.tomcat.TomcatWebServer  : Tomcat initialized with port(s): 8084 (http)
2021-11-14 01:07:11.763  INFO 24404 --- [main] o.apache.catalina.core.StandardService   : Starting service [Tomcat]
2021-11-14 01:07:11.763  INFO 24404 --- [main] org.apache.catalina.core.StandardEngine  : Starting Servlet engine: [Apache Tomcat/9.0.17]
2021-11-14 01:07:12.022  INFO 24404 --- [main] o.a.c.c.C.[.[localhost].[/SpringMVC]     : Initializing Spring embedded WebApplicationContext
2021-11-14 01:07:12.023  INFO 24404 --- [main] o.s.web.context.ContextLoader            : Root WebApplicationContext: initialization completed in 2616 ms
2021-11-14 01:07:12.310  INFO 24404 --- [main] com.zaxxer.hikari.HikariDataSource       : HikariPool-1 - Starting...
2021-11-14 01:07:12.514  INFO 24404 --- [main] com.zaxxer.hikari.HikariDataSource       : HikariPool-1 - Start completed.
2021-11-14 01:07:12.572  INFO 24404 --- [main] o.hibernate.jpa.internal.util.LogHelper  : HHH000204: Processing PersistenceUnitInfo [
	name: default
	...]
2021-11-14 01:07:12.688  INFO 24404 --- [main] org.hibernate.Version                    : HHH000412: Hibernate Core {5.3.9.Final}
2021-11-14 01:07:12.689  INFO 24404 --- [main] org.hibernate.cfg.Environment            : HHH000206: hibernate.properties not found
2021-11-14 01:07:12.892  INFO 24404 --- [main] o.hibernate.annotations.common.Version   : HCANN000001: Hibernate Commons Annotations {5.0.1.Final}
2021-11-14 01:07:13.095  INFO 24404 --- [main] org.hibernate.dialect.Dialect            : HHH000400: Using dialect: org.hibernate.dialect.MySQL5Dialect
2021-11-14 01:07:18.057  INFO 24404 --- [main] j.LocalContainerEntityManagerFactoryBean : Initialized JPA EntityManagerFactory for persistence unit 'default'
2021-11-14 01:07:18.961  INFO 24404 --- [main] o.h.h.i.QueryTranslatorFactoryInitiator  : HHH000397: Using ASTQueryTranslatorFactory
2021-11-14 01:07:20.270  INFO 24404 --- [main] o.s.s.concurrent.ThreadPoolTaskExecutor  : Initializing ExecutorService 'applicationTaskExecutor'
2021-11-14 01:07:20.416  WARN 24404 --- [main] aWebConfiguration$JpaWebMvcConfiguration : spring.jpa.open-in-view is enabled by default. Therefore, database queries may be performed during view rendering. Explicitly configure spring.jpa.open-in-view to disable this warning
2021-11-14 01:07:20.919  INFO 24404 --- [main] o.s.b.w.embedded.tomcat.TomcatWebServer  : Tomcat started on port(s): 8084 (http) with context path '/SpringMVC'
2021-11-14 01:07:20.923  INFO 24404 --- [main] SpringBootCoreDataJpaMvcRest1Application : Started TimesheetSpringBootCoreDataJpaMvcRest1Application in 12.241 seconds (JVM running for 13.15)
2021-11-14 01:21:56.497  INFO 24404 --- [RMI TCP Connection(2)-127.0.0.1] inMXBeanRegistrar$SpringApplicationAdmin : Application shutdown requested.
2021-11-14 01:21:56.502  INFO 24404 --- [RMI TCP Connection(2)-127.0.0.1] o.s.s.concurrent.ThreadPoolTaskExecutor  : Shutting down ExecutorService 'applicationTaskExecutor'
2021-11-14 01:21:56.507  INFO 24404 --- [RMI TCP Connection(2)-127.0.0.1] j.LocalContainerEntityManagerFactoryBean : Closing JPA EntityManagerFactory for persistence unit 'default'
2021-11-14 01:21:56.513  INFO 24404 --- [RMI TCP Connection(2)-127.0.0.1] com.zaxxer.hikari.HikariDataSource       : HikariPool-1 - Shutdown initiated...
2021-11-14 01:21:56.522  INFO 24404 --- [RMI TCP Connection(2)-127.0.0.1] com.zaxxer.hikari.HikariDataSource       : HikariPool-1 - Shutdown completed.
2021-11-14 01:23:18.310  INFO 24780 --- [main] tn.esprit.spring.test.DepartementTest    : Starting DepartementTest on DESKTOP-F1HAMQD with PID 24780 (started by TH3OMAR in C:\Users\TH3OMAR\Desktop\TimesheetProject)
2021-11-14 01:23:18.313  INFO 24780 --- [main] tn.esprit.spring.test.DepartementTest    : No active profile set, falling back to default profiles: default
2021-11-14 01:23:19.549  INFO 24780 --- [main] .s.d.r.c.RepositoryConfigurationDelegate : Bootstrapping Spring Data repositories in DEFAULT mode.
2021-11-14 01:23:19.666  INFO 24780 --- [main] .s.d.r.c.RepositoryConfigurationDelegate : Finished Spring Data repository scanning in 102ms. Found 6 repository interfaces.
2021-11-14 01:23:20.205  INFO 24780 --- [main] trationDelegate$BeanPostProcessorChecker : Bean 'org.springframework.transaction.annotation.ProxyTransactionManagementConfiguration' of type [org.springframework.transaction.annotation.ProxyTransactionManagementConfiguration$$EnhancerBySpringCGLIB$$df6072c0] is not eligible for getting processed by all BeanPostProcessors (for example: not eligible for auto-proxying)
2021-11-14 01:23:20.541  INFO 24780 --- [main] com.zaxxer.hikari.HikariDataSource       : HikariPool-1 - Starting...
2021-11-14 01:23:20.835  INFO 24780 --- [main] com.zaxxer.hikari.HikariDataSource       : HikariPool-1 - Start completed.
2021-11-14 01:23:20.921  INFO 24780 --- [main] o.hibernate.jpa.internal.util.LogHelper  : HHH000204: Processing PersistenceUnitInfo [
	name: default
	...]
2021-11-14 01:23:21.028  INFO 24780 --- [main] org.hibernate.Version                    : HHH000412: Hibernate Core {5.3.9.Final}
2021-11-14 01:23:21.031  INFO 24780 --- [main] org.hibernate.cfg.Environment            : HHH000206: hibernate.properties not found
2021-11-14 01:23:21.223  INFO 24780 --- [main] o.hibernate.annotations.common.Version   : HCANN000001: Hibernate Commons Annotations {5.0.1.Final}
2021-11-14 01:23:21.711  INFO 24780 --- [main] org.hibernate.dialect.Dialect            : HHH000400: Using dialect: org.hibernate.dialect.MySQL5Dialect
2021-11-14 01:23:23.604  INFO 24780 --- [main] j.LocalContainerEntityManagerFactoryBean : Initialized JPA EntityManagerFactory for persistence unit 'default'
2021-11-14 01:23:24.244  INFO 24780 --- [main] o.h.h.i.QueryTranslatorFactoryInitiator  : HHH000397: Using ASTQueryTranslatorFactory
2021-11-14 01:23:26.117  INFO 24780 --- [main] o.s.s.concurrent.ThreadPoolTaskExecutor  : Initializing ExecutorService 'applicationTaskExecutor'
2021-11-14 01:23:26.539  WARN 24780 --- [main] aWebConfiguration$JpaWebMvcConfiguration : spring.jpa.open-in-view is enabled by default. Therefore, database queries may be performed during view rendering. Explicitly configure spring.jpa.open-in-view to disable this warning
2021-11-14 01:23:28.004  INFO 24780 --- [main] tn.esprit.spring.test.DepartementTest    : Started DepartementTest in 10.279 seconds (JVM running for 11.713)
2021-11-14 01:23:28.476  INFO 24780 --- [main] tn.esprit.spring.test.DepartementTest    : your departement added avec succes
2021-11-14 01:23:28.656  INFO 24780 --- [main] tn.esprit.spring.test.DepartementTest    : your departement with id 
2021-11-14 01:23:28.742  INFO 24780 --- [Thread-2] o.s.s.concurrent.ThreadPoolTaskExecutor  : Shutting down ExecutorService 'applicationTaskExecutor'
2021-11-14 01:23:28.748  INFO 24780 --- [Thread-2] j.LocalContainerEntityManagerFactoryBean : Closing JPA EntityManagerFactory for persistence unit 'default'
2021-11-14 01:23:28.752  INFO 24780 --- [Thread-2] com.zaxxer.hikari.HikariDataSource       : HikariPool-1 - Shutdown initiated...
2021-11-14 01:23:28.763  INFO 24780 --- [Thread-2] com.zaxxer.hikari.HikariDataSource       : HikariPool-1 - Shutdown completed.
2021-11-14 01:26:18.019  INFO 12228 --- [main] tn.esprit.spring.test.DepartementTest    : Starting DepartementTest on DESKTOP-F1HAMQD with PID 12228 (started by TH3OMAR in C:\Users\TH3OMAR\Desktop\TimesheetProject)
2021-11-14 01:26:18.026  INFO 12228 --- [main] tn.esprit.spring.test.DepartementTest    : No active profile set, falling back to default profiles: default
2021-11-14 01:26:19.278  INFO 12228 --- [main] .s.d.r.c.RepositoryConfigurationDelegate : Bootstrapping Spring Data repositories in DEFAULT mode.
2021-11-14 01:26:19.443  INFO 12228 --- [main] .s.d.r.c.RepositoryConfigurationDelegate : Finished Spring Data repository scanning in 146ms. Found 6 repository interfaces.
2021-11-14 01:26:20.091  INFO 12228 --- [main] trationDelegate$BeanPostProcessorChecker : Bean 'org.springframework.transaction.annotation.ProxyTransactionManagementConfiguration' of type [org.springframework.transaction.annotation.ProxyTransactionManagementConfiguration$$EnhancerBySpringCGLIB$$8e1b3819] is not eligible for getting processed by all BeanPostProcessors (for example: not eligible for auto-proxying)
2021-11-14 01:26:20.469  INFO 12228 --- [main] com.zaxxer.hikari.HikariDataSource       : HikariPool-1 - Starting...
2021-11-14 01:26:20.772  INFO 12228 --- [main] com.zaxxer.hikari.HikariDataSource       : HikariPool-1 - Start completed.
2021-11-14 01:26:20.865  INFO 12228 --- [main] o.hibernate.jpa.internal.util.LogHelper  : HHH000204: Processing PersistenceUnitInfo [
	name: default
	...]
2021-11-14 01:26:20.986  INFO 12228 --- [main] org.hibernate.Version                    : HHH000412: Hibernate Core {5.3.9.Final}
2021-11-14 01:26:20.989  INFO 12228 --- [main] org.hibernate.cfg.Environment            : HHH000206: hibernate.properties not found
2021-11-14 01:26:21.198  INFO 12228 --- [main] o.hibernate.annotations.common.Version   : HCANN000001: Hibernate Commons Annotations {5.0.1.Final}
2021-11-14 01:26:21.739  INFO 12228 --- [main] org.hibernate.dialect.Dialect            : HHH000400: Using dialect: org.hibernate.dialect.MySQL5Dialect
2021-11-14 01:26:23.596  INFO 12228 --- [main] j.LocalContainerEntityManagerFactoryBean : Initialized JPA EntityManagerFactory for persistence unit 'default'
2021-11-14 01:26:24.189  INFO 12228 --- [main] o.h.h.i.QueryTranslatorFactoryInitiator  : HHH000397: Using ASTQueryTranslatorFactory
2021-11-14 01:26:25.675  INFO 12228 --- [main] o.s.s.concurrent.ThreadPoolTaskExecutor  : Initializing ExecutorService 'applicationTaskExecutor'
2021-11-14 01:26:26.006  WARN 12228 --- [main] aWebConfiguration$JpaWebMvcConfiguration : spring.jpa.open-in-view is enabled by default. Therefore, database queries may be performed during view rendering. Explicitly configure spring.jpa.open-in-view to disable this warning
2021-11-14 01:26:26.520  INFO 12228 --- [main] tn.esprit.spring.test.DepartementTest    : Started DepartementTest in 9.005 seconds (JVM running for 10.158)
2021-11-14 01:26:26.902  INFO 12228 --- [main] tn.esprit.spring.test.DepartementTest    : your departement added avec succes
2021-11-14 01:26:26.969  INFO 12228 --- [main] tn.esprit.spring.test.DepartementTest    : your departement with id 
2021-11-14 01:26:27.081  INFO 12228 --- [Thread-2] o.s.s.concurrent.ThreadPoolTaskExecutor  : Shutting down ExecutorService 'applicationTaskExecutor'
2021-11-14 01:26:27.086  INFO 12228 --- [Thread-2] j.LocalContainerEntityManagerFactoryBean : Closing JPA EntityManagerFactory for persistence unit 'default'
2021-11-14 01:26:27.090  INFO 12228 --- [Thread-2] com.zaxxer.hikari.HikariDataSource       : HikariPool-1 - Shutdown initiated...
2021-11-14 01:26:27.115  INFO 12228 --- [Thread-2] com.zaxxer.hikari.HikariDataSource       : HikariPool-1 - Shutdown completed.
2021-11-14 01:32:20.392  INFO 12248 --- [main] tn.esprit.spring.test.DepartementTest    : Starting DepartementTest on DESKTOP-F1HAMQD with PID 12248 (started by TH3OMAR in C:\Users\TH3OMAR\Desktop\TimesheetProject)
2021-11-14 01:32:20.394  INFO 12248 --- [main] tn.esprit.spring.test.DepartementTest    : No active profile set, falling back to default profiles: default
2021-11-14 01:32:21.754  INFO 12248 --- [main] .s.d.r.c.RepositoryConfigurationDelegate : Bootstrapping Spring Data repositories in DEFAULT mode.
2021-11-14 01:32:21.911  INFO 12248 --- [main] .s.d.r.c.RepositoryConfigurationDelegate : Finished Spring Data repository scanning in 139ms. Found 6 repository interfaces.
2021-11-14 01:32:22.452  INFO 12248 --- [main] trationDelegate$BeanPostProcessorChecker : Bean 'org.springframework.transaction.annotation.ProxyTransactionManagementConfiguration' of type [org.springframework.transaction.annotation.ProxyTransactionManagementConfiguration$$EnhancerBySpringCGLIB$$2828e370] is not eligible for getting processed by all BeanPostProcessors (for example: not eligible for auto-proxying)
2021-11-14 01:32:22.789  INFO 12248 --- [main] com.zaxxer.hikari.HikariDataSource       : HikariPool-1 - Starting...
2021-11-14 01:32:23.086  INFO 12248 --- [main] com.zaxxer.hikari.HikariDataSource       : HikariPool-1 - Start completed.
2021-11-14 01:32:23.171  INFO 12248 --- [main] o.hibernate.jpa.internal.util.LogHelper  : HHH000204: Processing PersistenceUnitInfo [
	name: default
	...]
2021-11-14 01:32:23.278  INFO 12248 --- [main] org.hibernate.Version                    : HHH000412: Hibernate Core {5.3.9.Final}
2021-11-14 01:32:23.280  INFO 12248 --- [main] org.hibernate.cfg.Environment            : HHH000206: hibernate.properties not found
2021-11-14 01:32:23.476  INFO 12248 --- [main] o.hibernate.annotations.common.Version   : HCANN000001: Hibernate Commons Annotations {5.0.1.Final}
2021-11-14 01:32:23.984  INFO 12248 --- [main] org.hibernate.dialect.Dialect            : HHH000400: Using dialect: org.hibernate.dialect.MySQL5Dialect
2021-11-14 01:32:25.960  INFO 12248 --- [main] j.LocalContainerEntityManagerFactoryBean : Initialized JPA EntityManagerFactory for persistence unit 'default'
2021-11-14 01:32:26.553  INFO 12248 --- [main] o.h.h.i.QueryTranslatorFactoryInitiator  : HHH000397: Using ASTQueryTranslatorFactory
2021-11-14 01:32:27.995  INFO 12248 --- [main] o.s.s.concurrent.ThreadPoolTaskExecutor  : Initializing ExecutorService 'applicationTaskExecutor'
2021-11-14 01:32:28.310  WARN 12248 --- [main] aWebConfiguration$JpaWebMvcConfiguration : spring.jpa.open-in-view is enabled by default. Therefore, database queries may be performed during view rendering. Explicitly configure spring.jpa.open-in-view to disable this warning
2021-11-14 01:32:28.845  INFO 12248 --- [main] tn.esprit.spring.test.DepartementTest    : Started DepartementTest in 8.976 seconds (JVM running for 11.638)
2021-11-14 01:32:29.181  INFO 12248 --- [main] tn.esprit.spring.test.DepartementTest    : your departement added avec succes
2021-11-14 01:32:29.270  INFO 12248 --- [main] tn.esprit.spring.test.DepartementTest    : your departement with id 
2021-11-14 01:32:29.477  INFO 12248 --- [Thread-2] o.s.s.concurrent.ThreadPoolTaskExecutor  : Shutting down ExecutorService 'applicationTaskExecutor'
2021-11-14 01:32:29.483  INFO 12248 --- [Thread-2] j.LocalContainerEntityManagerFactoryBean : Closing JPA EntityManagerFactory for persistence unit 'default'
2021-11-14 01:32:29.488  INFO 12248 --- [Thread-2] com.zaxxer.hikari.HikariDataSource       : HikariPool-1 - Shutdown initiated...
2021-11-14 01:32:29.500  INFO 12248 --- [Thread-2] com.zaxxer.hikari.HikariDataSource       : HikariPool-1 - Shutdown completed.
2021-11-14 01:33:39.642  INFO 25684 --- [main] SpringBootCoreDataJpaMvcRest1Application : Starting TimesheetSpringBootCoreDataJpaMvcRest1Application on DESKTOP-F1HAMQD with PID 25684 (C:\Users\TH3OMAR\Desktop\TimesheetProject\target\classes started by TH3OMAR in C:\Users\TH3OMAR\Desktop\TimesheetProject)
2021-11-14 01:33:39.647  INFO 25684 --- [main] SpringBootCoreDataJpaMvcRest1Application : No active profile set, falling back to default profiles: default
2021-11-14 01:33:40.981  INFO 25684 --- [main] .s.d.r.c.RepositoryConfigurationDelegate : Bootstrapping Spring Data repositories in DEFAULT mode.
2021-11-14 01:33:41.236  INFO 25684 --- [main] .s.d.r.c.RepositoryConfigurationDelegate : Finished Spring Data repository scanning in 240ms. Found 6 repository interfaces.
2021-11-14 01:33:41.920  INFO 25684 --- [main] trationDelegate$BeanPostProcessorChecker : Bean 'org.springframework.transaction.annotation.ProxyTransactionManagementConfiguration' of type [org.springframework.transaction.annotation.ProxyTransactionManagementConfiguration$$EnhancerBySpringCGLIB$$63b0cbf0] is not eligible for getting processed by all BeanPostProcessors (for example: not eligible for auto-proxying)
2021-11-14 01:33:42.492  INFO 25684 --- [main] o.s.b.w.embedded.tomcat.TomcatWebServer  : Tomcat initialized with port(s): 8084 (http)
2021-11-14 01:33:42.996  INFO 25684 --- [main] o.apache.catalina.core.StandardService   : Starting service [Tomcat]
2021-11-14 01:33:42.996  INFO 25684 --- [main] org.apache.catalina.core.StandardEngine  : Starting Servlet engine: [Apache Tomcat/9.0.17]
2021-11-14 01:33:43.274  INFO 25684 --- [main] o.a.c.c.C.[.[localhost].[/SpringMVC]     : Initializing Spring embedded WebApplicationContext
2021-11-14 01:33:43.274  INFO 25684 --- [main] o.s.web.context.ContextLoader            : Root WebApplicationContext: initialization completed in 3538 ms
2021-11-14 01:33:43.517  INFO 25684 --- [main] com.zaxxer.hikari.HikariDataSource       : HikariPool-1 - Starting...
2021-11-14 01:33:43.741  INFO 25684 --- [main] com.zaxxer.hikari.HikariDataSource       : HikariPool-1 - Start completed.
2021-11-14 01:33:43.821  INFO 25684 --- [main] o.hibernate.jpa.internal.util.LogHelper  : HHH000204: Processing PersistenceUnitInfo [
	name: default
	...]
2021-11-14 01:33:43.910  INFO 25684 --- [main] org.hibernate.Version                    : HHH000412: Hibernate Core {5.3.9.Final}
2021-11-14 01:33:43.914  INFO 25684 --- [main] org.hibernate.cfg.Environment            : HHH000206: hibernate.properties not found
2021-11-14 01:33:44.146  INFO 25684 --- [main] o.hibernate.annotations.common.Version   : HCANN000001: Hibernate Commons Annotations {5.0.1.Final}
2021-11-14 01:33:44.388  INFO 25684 --- [main] org.hibernate.dialect.Dialect            : HHH000400: Using dialect: org.hibernate.dialect.MySQL5Dialect
2021-11-14 01:33:46.108  INFO 25684 --- [main] j.LocalContainerEntityManagerFactoryBean : Initialized JPA EntityManagerFactory for persistence unit 'default'
2021-11-14 01:33:46.642  INFO 25684 --- [main] o.h.h.i.QueryTranslatorFactoryInitiator  : HHH000397: Using ASTQueryTranslatorFactory
2021-11-14 01:33:47.520  INFO 25684 --- [main] o.s.s.concurrent.ThreadPoolTaskExecutor  : Initializing ExecutorService 'applicationTaskExecutor'
2021-11-14 01:33:47.594  WARN 25684 --- [main] aWebConfiguration$JpaWebMvcConfiguration : spring.jpa.open-in-view is enabled by default. Therefore, database queries may be performed during view rendering. Explicitly configure spring.jpa.open-in-view to disable this warning
2021-11-14 01:33:47.966  INFO 25684 --- [main] o.s.b.w.embedded.tomcat.TomcatWebServer  : Tomcat started on port(s): 8084 (http) with context path '/SpringMVC'
2021-11-14 01:33:47.969  INFO 25684 --- [main] SpringBootCoreDataJpaMvcRest1Application : Started TimesheetSpringBootCoreDataJpaMvcRest1Application in 8.981 seconds (JVM running for 9.857)
2021-11-14 01:34:10.940  INFO 25684 --- [RMI TCP Connection(2)-127.0.0.1] inMXBeanRegistrar$SpringApplicationAdmin : Application shutdown requested.
2021-11-14 01:34:10.946  INFO 25684 --- [RMI TCP Connection(2)-127.0.0.1] o.s.s.concurrent.ThreadPoolTaskExecutor  : Shutting down ExecutorService 'applicationTaskExecutor'
2021-11-14 01:34:10.951  INFO 25684 --- [RMI TCP Connection(2)-127.0.0.1] j.LocalContainerEntityManagerFactoryBean : Closing JPA EntityManagerFactory for persistence unit 'default'
2021-11-14 01:34:10.962  INFO 25684 --- [RMI TCP Connection(2)-127.0.0.1] com.zaxxer.hikari.HikariDataSource       : HikariPool-1 - Shutdown initiated...
2021-11-14 01:34:10.969  INFO 25684 --- [RMI TCP Connection(2)-127.0.0.1] com.zaxxer.hikari.HikariDataSource       : HikariPool-1 - Shutdown completed.
2021-11-14 01:34:25.110  INFO 22856 --- [main] tn.esprit.spring.test.DepartementTest    : Starting DepartementTest on DESKTOP-F1HAMQD with PID 22856 (started by TH3OMAR in C:\Users\TH3OMAR\Desktop\TimesheetProject)
2021-11-14 01:34:25.113  INFO 22856 --- [main] tn.esprit.spring.test.DepartementTest    : No active profile set, falling back to default profiles: default
2021-11-14 01:34:26.503  INFO 22856 --- [main] .s.d.r.c.RepositoryConfigurationDelegate : Bootstrapping Spring Data repositories in DEFAULT mode.
2021-11-14 01:34:26.645  INFO 22856 --- [main] .s.d.r.c.RepositoryConfigurationDelegate : Finished Spring Data repository scanning in 121ms. Found 6 repository interfaces.
2021-11-14 01:34:27.171  INFO 22856 --- [main] trationDelegate$BeanPostProcessorChecker : Bean 'org.springframework.transaction.annotation.ProxyTransactionManagementConfiguration' of type [org.springframework.transaction.annotation.ProxyTransactionManagementConfiguration$$EnhancerBySpringCGLIB$$ac9cc0b9] is not eligible for getting processed by all BeanPostProcessors (for example: not eligible for auto-proxying)
2021-11-14 01:34:27.486  INFO 22856 --- [main] com.zaxxer.hikari.HikariDataSource       : HikariPool-1 - Starting...
2021-11-14 01:34:27.802  INFO 22856 --- [main] com.zaxxer.hikari.HikariDataSource       : HikariPool-1 - Start completed.
2021-11-14 01:34:27.887  INFO 22856 --- [main] o.hibernate.jpa.internal.util.LogHelper  : HHH000204: Processing PersistenceUnitInfo [
	name: default
	...]
2021-11-14 01:34:28.003  INFO 22856 --- [main] org.hibernate.Version                    : HHH000412: Hibernate Core {5.3.9.Final}
2021-11-14 01:34:28.006  INFO 22856 --- [main] org.hibernate.cfg.Environment            : HHH000206: hibernate.properties not found
2021-11-14 01:34:28.217  INFO 22856 --- [main] o.hibernate.annotations.common.Version   : HCANN000001: Hibernate Commons Annotations {5.0.1.Final}
2021-11-14 01:34:28.701  INFO 22856 --- [main] org.hibernate.dialect.Dialect            : HHH000400: Using dialect: org.hibernate.dialect.MySQL5Dialect
2021-11-14 01:34:30.476  INFO 22856 --- [main] j.LocalContainerEntityManagerFactoryBean : Initialized JPA EntityManagerFactory for persistence unit 'default'
2021-11-14 01:34:31.113  INFO 22856 --- [main] o.h.h.i.QueryTranslatorFactoryInitiator  : HHH000397: Using ASTQueryTranslatorFactory
2021-11-14 01:34:32.733  INFO 22856 --- [main] o.s.s.concurrent.ThreadPoolTaskExecutor  : Initializing ExecutorService 'applicationTaskExecutor'
2021-11-14 01:34:33.154  WARN 22856 --- [main] aWebConfiguration$JpaWebMvcConfiguration : spring.jpa.open-in-view is enabled by default. Therefore, database queries may be performed during view rendering. Explicitly configure spring.jpa.open-in-view to disable this warning
2021-11-14 01:34:33.688  INFO 22856 --- [main] tn.esprit.spring.test.DepartementTest    : Started DepartementTest in 9.084 seconds (JVM running for 10.291)
2021-11-14 01:34:34.081  INFO 22856 --- [main] tn.esprit.spring.test.DepartementTest    : your departement added avec succes
2021-11-14 01:34:34.160  INFO 22856 --- [main] tn.esprit.spring.test.DepartementTest    : your departement with id 
2021-11-14 01:34:34.376  INFO 22856 --- [Thread-2] o.s.s.concurrent.ThreadPoolTaskExecutor  : Shutting down ExecutorService 'applicationTaskExecutor'
2021-11-14 01:34:34.381  INFO 22856 --- [Thread-2] j.LocalContainerEntityManagerFactoryBean : Closing JPA EntityManagerFactory for persistence unit 'default'
2021-11-14 01:34:34.385  INFO 22856 --- [Thread-2] com.zaxxer.hikari.HikariDataSource       : HikariPool-1 - Shutdown initiated...
2021-11-14 01:34:34.404  INFO 22856 --- [Thread-2] com.zaxxer.hikari.HikariDataSource       : HikariPool-1 - Shutdown completed.
2021-11-14 01:41:13.148  INFO 16184 --- [main] tn.esprit.spring.test.DepartementTest    : Starting DepartementTest on DESKTOP-F1HAMQD with PID 16184 (started by TH3OMAR in C:\Users\TH3OMAR\Desktop\TimesheetProject)
2021-11-14 01:41:13.150  INFO 16184 --- [main] tn.esprit.spring.test.DepartementTest    : No active profile set, falling back to default profiles: default
2021-11-14 01:41:14.994  INFO 16184 --- [main] .s.d.r.c.RepositoryConfigurationDelegate : Bootstrapping Spring Data repositories in DEFAULT mode.
2021-11-14 01:41:15.219  INFO 16184 --- [main] .s.d.r.c.RepositoryConfigurationDelegate : Finished Spring Data repository scanning in 199ms. Found 6 repository interfaces.
2021-11-14 01:41:16.062  INFO 16184 --- [main] trationDelegate$BeanPostProcessorChecker : Bean 'org.springframework.transaction.annotation.ProxyTransactionManagementConfiguration' of type [org.springframework.transaction.annotation.ProxyTransactionManagementConfiguration$$EnhancerBySpringCGLIB$$741608cd] is not eligible for getting processed by all BeanPostProcessors (for example: not eligible for auto-proxying)
2021-11-14 01:41:16.553  INFO 16184 --- [main] com.zaxxer.hikari.HikariDataSource       : HikariPool-1 - Starting...
2021-11-14 01:41:16.905  INFO 16184 --- [main] com.zaxxer.hikari.HikariDataSource       : HikariPool-1 - Start completed.
2021-11-14 01:41:17.091  INFO 16184 --- [main] o.hibernate.jpa.internal.util.LogHelper  : HHH000204: Processing PersistenceUnitInfo [
	name: default
	...]
2021-11-14 01:41:17.267  INFO 16184 --- [main] org.hibernate.Version                    : HHH000412: Hibernate Core {5.3.9.Final}
2021-11-14 01:41:17.272  INFO 16184 --- [main] org.hibernate.cfg.Environment            : HHH000206: hibernate.properties not found
2021-11-14 01:41:17.687  INFO 16184 --- [main] o.hibernate.annotations.common.Version   : HCANN000001: Hibernate Commons Annotations {5.0.1.Final}
2021-11-14 01:41:18.226  INFO 16184 --- [main] org.hibernate.dialect.Dialect            : HHH000400: Using dialect: org.hibernate.dialect.MySQL5Dialect
2021-11-14 01:41:20.526  INFO 16184 --- [main] j.LocalContainerEntityManagerFactoryBean : Initialized JPA EntityManagerFactory for persistence unit 'default'
2021-11-14 01:41:21.414  INFO 16184 --- [main] o.h.h.i.QueryTranslatorFactoryInitiator  : HHH000397: Using ASTQueryTranslatorFactory
2021-11-14 01:41:23.219  INFO 16184 --- [main] o.s.s.concurrent.ThreadPoolTaskExecutor  : Initializing ExecutorService 'applicationTaskExecutor'
2021-11-14 01:41:23.374  WARN 16184 --- [main] aWebConfiguration$JpaWebMvcConfiguration : spring.jpa.open-in-view is enabled by default. Therefore, database queries may be performed during view rendering. Explicitly configure spring.jpa.open-in-view to disable this warning
2021-11-14 01:41:24.089  INFO 16184 --- [main] tn.esprit.spring.test.DepartementTest    : Started DepartementTest in 11.687 seconds (JVM running for 14.148)
2021-11-14 01:41:24.560  INFO 16184 --- [main] tn.esprit.spring.test.DepartementTest    : your departement added avec succes
2021-11-14 01:41:24.661  INFO 16184 --- [main] tn.esprit.spring.test.DepartementTest    : your departement with id 
2021-11-14 01:41:24.905  INFO 16184 --- [Thread-3] o.s.s.concurrent.ThreadPoolTaskExecutor  : Shutting down ExecutorService 'applicationTaskExecutor'
2021-11-14 01:41:24.913  INFO 16184 --- [Thread-3] j.LocalContainerEntityManagerFactoryBean : Closing JPA EntityManagerFactory for persistence unit 'default'
2021-11-14 01:41:24.917  INFO 16184 --- [Thread-3] com.zaxxer.hikari.HikariDataSource       : HikariPool-1 - Shutdown initiated...
2021-11-14 01:41:25.263  INFO 16184 --- [Thread-3] com.zaxxer.hikari.HikariDataSource       : HikariPool-1 - Shutdown completed.
2021-11-14 01:50:40.903  INFO 7940 --- [main] tn.esprit.spring.test.DepartementTest    : Starting DepartementTest on DESKTOP-F1HAMQD with PID 7940 (started by TH3OMAR in C:\Users\TH3OMAR\Desktop\TimesheetProject)
2021-11-14 01:50:40.906  INFO 7940 --- [main] tn.esprit.spring.test.DepartementTest    : No active profile set, falling back to default profiles: default
2021-11-14 01:50:42.087  INFO 7940 --- [main] .s.d.r.c.RepositoryConfigurationDelegate : Bootstrapping Spring Data repositories in DEFAULT mode.
2021-11-14 01:50:42.276  INFO 7940 --- [main] .s.d.r.c.RepositoryConfigurationDelegate : Finished Spring Data repository scanning in 172ms. Found 6 repository interfaces.
2021-11-14 01:50:42.826  INFO 7940 --- [main] trationDelegate$BeanPostProcessorChecker : Bean 'org.springframework.transaction.annotation.ProxyTransactionManagementConfiguration' of type [org.springframework.transaction.annotation.ProxyTransactionManagementConfiguration$$EnhancerBySpringCGLIB$$9a4c8953] is not eligible for getting processed by all BeanPostProcessors (for example: not eligible for auto-proxying)
2021-11-14 01:50:43.136  INFO 7940 --- [main] com.zaxxer.hikari.HikariDataSource       : HikariPool-1 - Starting...
2021-11-14 01:50:43.423  INFO 7940 --- [main] com.zaxxer.hikari.HikariDataSource       : HikariPool-1 - Start completed.
2021-11-14 01:50:43.561  INFO 7940 --- [main] o.hibernate.jpa.internal.util.LogHelper  : HHH000204: Processing PersistenceUnitInfo [
	name: default
	...]
2021-11-14 01:50:43.663  INFO 7940 --- [main] org.hibernate.Version                    : HHH000412: Hibernate Core {5.3.9.Final}
2021-11-14 01:50:43.665  INFO 7940 --- [main] org.hibernate.cfg.Environment            : HHH000206: hibernate.properties not found
2021-11-14 01:50:43.854  INFO 7940 --- [main] o.hibernate.annotations.common.Version   : HCANN000001: Hibernate Commons Annotations {5.0.1.Final}
2021-11-14 01:50:44.321  INFO 7940 --- [main] org.hibernate.dialect.Dialect            : HHH000400: Using dialect: org.hibernate.dialect.MySQL5Dialect
2021-11-14 01:50:46.169  INFO 7940 --- [main] j.LocalContainerEntityManagerFactoryBean : Initialized JPA EntityManagerFactory for persistence unit 'default'
2021-11-14 01:50:46.676  INFO 7940 --- [main] o.h.h.i.QueryTranslatorFactoryInitiator  : HHH000397: Using ASTQueryTranslatorFactory
2021-11-14 01:50:47.981  INFO 7940 --- [main] o.s.s.concurrent.ThreadPoolTaskExecutor  : Initializing ExecutorService 'applicationTaskExecutor'
2021-11-14 01:50:48.241  WARN 7940 --- [main] aWebConfiguration$JpaWebMvcConfiguration : spring.jpa.open-in-view is enabled by default. Therefore, database queries may be performed during view rendering. Explicitly configure spring.jpa.open-in-view to disable this warning
2021-11-14 01:50:49.043  INFO 7940 --- [main] tn.esprit.spring.test.DepartementTest    : Started DepartementTest in 8.61 seconds (JVM running for 9.73)
2021-11-14 01:50:49.299  INFO 7940 --- [main] tn.esprit.spring.test.DepartementTest    : your departement added avec succes
2021-11-14 01:50:49.434  INFO 7940 --- [main] tn.esprit.spring.test.DepartementTest    : list de departement name 
2021-11-14 01:50:49.473  INFO 7940 --- [main] tn.esprit.spring.test.DepartementTest    : your departement with id 
2021-11-14 01:50:49.601  INFO 7940 --- [Thread-2] o.s.s.concurrent.ThreadPoolTaskExecutor  : Shutting down ExecutorService 'applicationTaskExecutor'
2021-11-14 01:50:49.606  INFO 7940 --- [Thread-2] j.LocalContainerEntityManagerFactoryBean : Closing JPA EntityManagerFactory for persistence unit 'default'
2021-11-14 01:50:49.638  INFO 7940 --- [Thread-2] com.zaxxer.hikari.HikariDataSource       : HikariPool-1 - Shutdown initiated...
2021-11-14 01:50:49.664  INFO 7940 --- [Thread-2] com.zaxxer.hikari.HikariDataSource       : HikariPool-1 - Shutdown completed.
2021-11-14 01:54:51.411  INFO 11916 --- [main] tn.esprit.spring.test.DepartementTest    : Starting DepartementTest on DESKTOP-F1HAMQD with PID 11916 (started by TH3OMAR in C:\Users\TH3OMAR\Desktop\TimesheetProject)
2021-11-14 01:54:51.415  INFO 11916 --- [main] tn.esprit.spring.test.DepartementTest    : No active profile set, falling back to default profiles: default
2021-11-14 01:54:53.405  INFO 11916 --- [main] .s.d.r.c.RepositoryConfigurationDelegate : Bootstrapping Spring Data repositories in DEFAULT mode.
2021-11-14 01:54:53.620  INFO 11916 --- [main] .s.d.r.c.RepositoryConfigurationDelegate : Finished Spring Data repository scanning in 187ms. Found 6 repository interfaces.
2021-11-14 01:54:54.586  INFO 11916 --- [main] trationDelegate$BeanPostProcessorChecker : Bean 'org.springframework.transaction.annotation.ProxyTransactionManagementConfiguration' of type [org.springframework.transaction.annotation.ProxyTransactionManagementConfiguration$$EnhancerBySpringCGLIB$$b9a3ac56] is not eligible for getting processed by all BeanPostProcessors (for example: not eligible for auto-proxying)
2021-11-14 01:54:54.992  INFO 11916 --- [main] com.zaxxer.hikari.HikariDataSource       : HikariPool-1 - Starting...
2021-11-14 01:54:55.320  INFO 11916 --- [main] com.zaxxer.hikari.HikariDataSource       : HikariPool-1 - Start completed.
2021-11-14 01:54:55.517  INFO 11916 --- [main] o.hibernate.jpa.internal.util.LogHelper  : HHH000204: Processing PersistenceUnitInfo [
	name: default
	...]
2021-11-14 01:54:55.747  INFO 11916 --- [main] org.hibernate.Version                    : HHH000412: Hibernate Core {5.3.9.Final}
2021-11-14 01:54:55.752  INFO 11916 --- [main] org.hibernate.cfg.Environment            : HHH000206: hibernate.properties not found
2021-11-14 01:54:56.058  INFO 11916 --- [main] o.hibernate.annotations.common.Version   : HCANN000001: Hibernate Commons Annotations {5.0.1.Final}
2021-11-14 01:54:56.614  INFO 11916 --- [main] org.hibernate.dialect.Dialect            : HHH000400: Using dialect: org.hibernate.dialect.MySQL5Dialect
2021-11-14 01:54:58.880  INFO 11916 --- [main] j.LocalContainerEntityManagerFactoryBean : Initialized JPA EntityManagerFactory for persistence unit 'default'
2021-11-14 01:54:59.771  INFO 11916 --- [main] o.h.h.i.QueryTranslatorFactoryInitiator  : HHH000397: Using ASTQueryTranslatorFactory
2021-11-14 01:55:01.390  INFO 11916 --- [main] o.s.s.concurrent.ThreadPoolTaskExecutor  : Initializing ExecutorService 'applicationTaskExecutor'
2021-11-14 01:55:01.551  WARN 11916 --- [main] aWebConfiguration$JpaWebMvcConfiguration : spring.jpa.open-in-view is enabled by default. Therefore, database queries may be performed during view rendering. Explicitly configure spring.jpa.open-in-view to disable this warning
2021-11-14 01:55:02.181  INFO 11916 --- [main] tn.esprit.spring.test.DepartementTest    : Started DepartementTest in 11.471 seconds (JVM running for 14.205)
2021-11-14 01:55:02.550  INFO 11916 --- [main] tn.esprit.spring.test.DepartementTest    : your departement added avec succes
2021-11-14 01:55:02.711  INFO 11916 --- [main] tn.esprit.spring.test.DepartementTest    : list de departement name 
2021-11-14 01:55:02.778  INFO 11916 --- [main] tn.esprit.spring.test.DepartementTest    : your departement with id 
2021-11-14 01:55:03.333  INFO 11916 --- [Thread-3] o.s.s.concurrent.ThreadPoolTaskExecutor  : Shutting down ExecutorService 'applicationTaskExecutor'
2021-11-14 01:55:03.338  INFO 11916 --- [Thread-3] j.LocalContainerEntityManagerFactoryBean : Closing JPA EntityManagerFactory for persistence unit 'default'
2021-11-14 01:55:03.343  INFO 11916 --- [Thread-3] com.zaxxer.hikari.HikariDataSource       : HikariPool-1 - Shutdown initiated...
2021-11-14 01:55:03.668  INFO 11916 --- [Thread-3] com.zaxxer.hikari.HikariDataSource       : HikariPool-1 - Shutdown completed.
